----------------------------------------------------------------------------------------------------------------
                                         Health Service Use Data
                                           Joe Wasonga Ochieng'
                                           25 Jun 2026, 14:42:50

                   Exploratory Data Analysis

.Univariate Analysis on Illness

. hist ILLNESS, norm
(bin=37, start=0, width=.13513514)

                    Fitting the Model

. poisson ILLNESS NONDOCCO i.SEX AGE INCOME i.LEVYPLUS i.FREEPOOR i.FREEREPA ACTDAYS i.HSCORE i.CHCOND1 i.CHCOND
> 2

Iteration 0:   log likelihood = -7449.5264  
Iteration 1:   log likelihood = -7448.9589  
Iteration 2:   log likelihood = -7448.9584  

Poisson regression                                     Number of obs =   5,190
                                                       LR chi2(22)   = 1883.97
                                                       Prob > chi2   =  0.0000
Log likelihood = -7448.9584                            Pseudo R2     =  0.1123

------------------------------------------------------------------------------
     ILLNESS | Coefficient  Std. err.      z    P>|z|     [95% conf. interval]
-------------+----------------------------------------------------------------
    NONDOCCO |  -.0019556   .0098421    -0.20   0.843    -.0212458    .0173346
       1.SEX |    .067497   .0256575     2.63   0.009     .0172092    .1177848
         AGE |   .1319345     .07716     1.71   0.087    -.0192962    .2831652
      INCOME |  -.1403016   .0382002    -3.67   0.000    -.2151727   -.0654304
  1.LEVYPLUS |   .0066087   .0313424     0.21   0.833    -.0548213    .0680387
  1.FREEPOOR |  -.0988609   .0657057    -1.50   0.132    -.2276417    .0299199
  1.FREEREPA |   .0872109   .0428311     2.04   0.042     .0032636    .1711583
     ACTDAYS |   .0136856   .0033669     4.06   0.000     .0070866    .0202846
             |
      HSCORE |
          1  |   .3946625   .0330585    11.94   0.000     .3298691    .4594559
          2  |   .5278838   .0389214    13.56   0.000     .4515994    .6041683
          3  |   .6886418   .0442391    15.57   0.000     .6019348    .7753488
          4  |   .5565758   .0547342    10.17   0.000     .4492987     .663853
          5  |   .7387166   .0592286    12.47   0.000     .6226307    .8548025
          6  |   .6946075   .0665413    10.44   0.000     .5641891     .825026
          7  |   .7253744   .0820702     8.84   0.000     .5645198     .886229
          8  |   .7142919   .1001259     7.13   0.000     .5180486    .9105351
          9  |   .8952375   .1012183     8.84   0.000     .6968533    1.093622
         10  |   .7005882   .1300159     5.39   0.000     .4457617    .9554147
         11  |   .7978865   .1204468     6.62   0.000     .5618151    1.033958
         12  |   .6489018   .1500031     4.33   0.000     .3549012    .9429024
             |
   1.CHCOND1 |   .6006674   .0286582    20.96   0.000     .5444983    .6568365
   1.CHCOND2 |   .6496806   .0377102    17.23   0.000     .5757699    .7235913
       _cons |  -.3460476    .046129    -7.50   0.000    -.4364588   -.2556363
------------------------------------------------------------------------------

                                     Testing the Goodness-of-fit

. estat gof

         Deviance goodness-of-fit =  5811.532
         Prob > chi2(5167)        =    0.0000

         Pearson goodness-of-fit  =   5247.69
         Prob > chi2(5167)        =    0.2130

. fitstat

Measures of Fit for poisson of ILLNESS

Log-Lik Intercept Only:    -8390.942     Log-Lik Full Model:        -7448.958
D(5160):                   14897.917     LR(22):                     1883.967
                                         Prob > LR:                     0.000
McFadden's R2:                 0.112     McFadden's Adj R2:             0.109
Maximum Likelihood R2:         0.304     Cragg & Uhler's R2:            0.317
AIC:                           2.882     AIC*n:                     14957.917
BIC:                      -29243.246     BIC':                      -1695.768


                                    The Marginal Effects

. margins, dydx(*) atmeans

Conditional marginal effects                             Number of obs = 5,190
Model VCE: OIM

Expression: Predicted number of events, predict()
dy/dx wrt:  NONDOCCO 1.SEX AGE INCOME 1.LEVYPLUS 1.FREEPOOR 1.FREEREPA ACTDAYS 1.HSCORE 2.HSCORE 3.HSCORE
            4.HSCORE 5.HSCORE 6.HSCORE 7.HSCORE 8.HSCORE 9.HSCORE 10.HSCORE 11.HSCORE 12.HSCORE 1.CHCOND1
            1.CHCOND2
At: NONDOCCO   = .2146435 (mean)
    0.SEX      = .4793834 (mean)
    1.SEX      = .5206166 (mean)
    AGE        = .4063854 (mean)
    INCOME     = .5831599 (mean)
    0.LEVYPLUS = .5572254 (mean)
    1.LEVYPLUS = .4427746 (mean)
    0.FREEPOOR = .9572254 (mean)
    1.FREEPOOR = .0427746 (mean)
    0.FREEREPA = .7897881 (mean)
    1.FREEREPA = .2102119 (mean)
    ACTDAYS    = .8618497 (mean)
    0.HSCORE   = .5830443 (mean)
    1.HSCORE   = .1585742 (mean)
    2.HSCORE   = .0859345 (mean)
    3.HSCORE   = .0526012 (mean)
    4.HSCORE   = .0360308 (mean)
    5.HSCORE   = .0254335 (mean)
    6.HSCORE   = .0200385 (mean)
    7.HSCORE   = .0117534 (mean)
    8.HSCORE   = .0080925 (mean)
    9.HSCORE   = .0061657 (mean)
    10.HSCORE  = .0040462 (mean)
    11.HSCORE  = .0046243 (mean)
    12.HSCORE  = .0036609 (mean)
    0.CHCOND1  = .5969171 (mean)
    1.CHCOND1  = .4030829 (mean)
    0.CHCOND2  = .8834297 (mean)
    1.CHCOND2  = .1165703 (mean)

------------------------------------------------------------------------------
             |            Delta-method
             |      dy/dx   std. err.      z    P>|z|     [95% conf. interval]
-------------+----------------------------------------------------------------
    NONDOCCO |  -.0024682    .012422    -0.20   0.842    -.0268149    .0218784
       1.SEX |   .0850881   .0322974     2.63   0.008     .0217863    .1483898
         AGE |   .1665192    .097379     1.71   0.087    -.0243401    .3573784
      INCOME |  -.1770795   .0481735    -3.68   0.000    -.2714979   -.0826611
  1.LEVYPLUS |   .0083442   .0395883     0.21   0.833    -.0692473    .0859358
  1.FREEPOOR |  -.1193099   .0757704    -1.57   0.115    -.2678172    .0291974
  1.FREEREPA |    .112925   .0568926     1.98   0.047     .0014176    .2244324
     ACTDAYS |   .0172731   .0042512     4.06   0.000      .008941    .0256053
             |
      HSCORE |
          1  |   .4873545   .0452373    10.77   0.000      .398691     .576018
          2  |   .7003291   .0616823    11.35   0.000      .579434    .8212242
          3  |   .9981188   .0831158    12.01   0.000     .8352148    1.161023
          4  |   .7500303   .0925767     8.10   0.000     .5685832    .9314774
          5  |    1.10109   .1203193     9.15   0.000     .8652686    1.336912
          6  |   1.010118   .1303117     7.75   0.000     .7547114    1.265524
          7  |   1.073148   .1673479     6.41   0.000     .7451521    1.401144
          8  |    1.05022   .2033609     5.16   0.000     .6516399      1.4488
          9  |   1.458304   .2459228     5.93   0.000     .9763041    1.940304
         10  |   1.022219   .2618615     3.90   0.000     .5089795    1.535458
         11  |     1.2296   .2669815     4.61   0.000     .7063262    1.752874
         12  |    .919991   .2874122     3.20   0.001     .3566735    1.483309
             |
   1.CHCOND1 |   .8157025   .0409137    19.94   0.000     .7355131    .8958919
   1.CHCOND2 |    1.07054   .0782132    13.69   0.000     .9172444    1.223835
------------------------------------------------------------------------------
Note: dy/dx for factor levels is the discrete change from the base level.
