--------------------------------------------------------------------------------------------------------------------------------------
                                                 Avocado Price Data
                                                 Joe Wasonga Ochieng'
                                                 29 Jun 2026, 19:05:00
-------------------------------------------------------------------------------------------------------------------------------------

The dataset contains historical sales data for retail weekly volume and prices of avocados in the United States.

Target Variable: AveragePrice represents the average cost per single avocado.

Volume Metrics:Total Volume tracks total units sold, which is further broken down by standard PLU codes (4046 for small/medium Hass, 4225 for large Hass, and 4770 for extra-large Hass) 
and packaging sizes (Small Bags, Large Bags, XLarge Bags).

Categorical Dimensions: Data points are stratified by type (conventional vs. organic), year, and region (the specific city or regional market, such as Albany).


                                   Avocado Dataset Exploratory Data Analysis & Cleaning
--------------------------------------------------------------------------------------------------------------------------------------
* 1. Initial Structural Check

. describe

Contains data
 Observations:        18,249                  
    Variables:            14                  
----------------------------------------------------------------------------------------------------------------
Variable      Storage   Display    Value
    name         type    format    label      Variable label
----------------------------------------------------------------------------------------------------------------
v1              byte    %8.0g                 
date            str10   %10s                  Date
averageprice    float   %9.0g                 AveragePrice
totalvolume     float   %9.0g                 Total Volume
v5              float   %9.0g                 4046
v6              float   %9.0g                 4225
v7              float   %9.0g                 4770
totalbags       float   %9.0g                 Total Bags
smallbags       float   %9.0g                 Small Bags
largebags       float   %9.0g                 Large Bags
xlargebags      float   %9.0g                 XLarge Bags
type            str12   %12s                  
year            int     %8.0g                 
region          str19   %19s                  
----------------------------------------------------------------------------------------------------------------
Sorted by: 
     Note: Dataset has changed since last saved.

. list in 1/5

     +-----------------------------------------------------------------------------------------------------+
  1. | v1 |       date | averag~e | totalv~e |      v5 |       v6 |    v7 | totalb~s | smallb~s | largeb~s |
     |  0 | 2015-12-27 |     1.33 | 64236.62 | 1036.74 | 54454.85 | 48.16 |  8696.87 |  8603.62 |    93.25 |
     |-----------------------------------------------------------------------------------------------------|
     |        xlarge~s         |                type         |        year         |        region         |
     |               0         |        conventional         |        2015         |        Albany         |
     +-----------------------------------------------------------------------------------------------------+

     +-----------------------------------------------------------------------------------------------------+
  2. | v1 |       date | averag~e | totalv~e |      v5 |       v6 |    v7 | totalb~s | smallb~s | largeb~s |
     |  1 | 2015-12-20 |     1.35 | 54876.98 |  674.28 | 44638.81 | 58.33 |  9505.56 |  9408.07 |    97.49 |
     |-----------------------------------------------------------------------------------------------------|
     |        xlarge~s         |                type         |        year         |        region         |
     |               0         |        conventional         |        2015         |        Albany         |
     +-----------------------------------------------------------------------------------------------------+

     +-----------------------------------------------------------------------------------------------------+
  3. | v1 |       date | averag~e | totalv~e |      v5 |       v6 |    v7 | totalb~s | smallb~s | largeb~s |
     |  2 | 2015-12-13 |      .93 | 118220.2 |   794.7 | 109149.7 | 130.5 |  8145.35 |  8042.21 |   103.14 |
     |-----------------------------------------------------------------------------------------------------|
     |        xlarge~s         |                type         |        year         |        region         |
     |               0         |        conventional         |        2015         |        Albany         |
     +-----------------------------------------------------------------------------------------------------+

     +-----------------------------------------------------------------------------------------------------+
  4. | v1 |       date | averag~e | totalv~e |      v5 |       v6 |    v7 | totalb~s | smallb~s | largeb~s |
     |  3 | 2015-12-06 |     1.08 | 78992.15 |    1132 | 71976.41 | 72.58 |  5811.16 |   5677.4 |   133.76 |
     |-----------------------------------------------------------------------------------------------------|
     |        xlarge~s         |                type         |        year         |        region         |
     |               0         |        conventional         |        2015         |        Albany         |
     +-----------------------------------------------------------------------------------------------------+

     +-----------------------------------------------------------------------------------------------------+
  5. | v1 |       date | averag~e | totalv~e |      v5 |       v6 |    v7 | totalb~s | smallb~s | largeb~s |
     |  4 | 2015-11-29 |     1.28 |  51039.6 |  941.48 | 43838.39 | 75.78 |  6183.95 |  5986.26 |   197.69 |
     |-----------------------------------------------------------------------------------------------------|
     |        xlarge~s         |                type         |        year         |        region         |
     |               0         |        conventional         |        2015         |        Albany         |
     +-----------------------------------------------------------------------------------------------------+

--------------------------------------------------------------------------------------------------------------------------------------
                                                 PART 1: EXPLORATORY DATA ANALYSIS (EDA)
--------------------------------------------------------------------------------------------------------------------------------------
 * 1. Summary statistics for primary metrics

. summarize averageprice totalvolume totalbags smallbags largebags xlargebags

    Variable |        Obs        Mean    Std. dev.       Min        Max
-------------+---------------------------------------------------------
averageprice |     18,249    1.405978    .4026766        .44       3.25
 totalvolume |     18,249      850644     3453545      84.56   6.25e+07
   totalbags |     18,249    239639.2    986242.4          0   1.94e+07
   smallbags |     18,249    182194.7    746178.5          0   1.34e+07
   largebags |     18,249    54338.09      243966          0    5719097
-------------+---------------------------------------------------------
  xlargebags |     18,249    3106.427    17692.89          0   551693.6



 * 2. Check distributions for price and volume skewness

. tabstat averageprice totalvolume, statistics(mean sd min p25 p50 p75 max)

   Stats |  averag~e  totalv~e
---------+--------------------
    Mean |  1.405978    850644
      SD |  .4026766   3453545
     Min |       .44     84.56
     p25 |       1.1  10838.58
     p50 |      1.37  107376.8
     p75 |      1.66  432962.3
     Max |      3.25  6.25e+07
------------------------------

* 3. Check volume proportions for specific PLU codes (4046, 4225, 4770)

. summarize v5 v6 v7

    Variable |        Obs        Mean    Std. dev.       Min        Max
-------------+---------------------------------------------------------
          v5 |     18,249    293008.4     1264989          0   2.27e+07
          v6 |     18,249    295154.6     1204120          0   2.05e+07
          v7 |     18,249    22839.74    107464.1          0    2546439



* 4. Frequency distributions for categorical text dimensions

. tabulate type

        type |      Freq.     Percent        Cum.
-------------+-----------------------------------
conventional |      9,126       50.01       50.01
     organic |      9,123       49.99      100.00
-------------+-----------------------------------
       Total |     18,249      100.00

. tabulate region

             region |      Freq.     Percent        Cum.
--------------------+-----------------------------------
             Albany |        338        1.85        1.85
            Atlanta |        338        1.85        3.70
BaltimoreWashington |        338        1.85        5.56
              Boise |        338        1.85        7.41
             Boston |        338        1.85        9.26
   BuffaloRochester |        338        1.85       11.11
         California |        338        1.85       12.97
          Charlotte |        338        1.85       14.82
            Chicago |        338        1.85       16.67
   CincinnatiDayton |        338        1.85       18.52
           Columbus |        338        1.85       20.37
      DallasFtWorth |        338        1.85       22.23
             Denver |        338        1.85       24.08
            Detroit |        338        1.85       25.93
        GrandRapids |        338        1.85       27.78
         GreatLakes |        338        1.85       29.63
 HarrisburgScranton |        338        1.85       31.49
HartfordSpringfield |        338        1.85       33.34
            Houston |        338        1.85       35.19
       Indianapolis |        338        1.85       37.04
       Jacksonville |        338        1.85       38.90
           LasVegas |        338        1.85       40.75
         LosAngeles |        338        1.85       42.60
         Louisville |        338        1.85       44.45
  MiamiFtLauderdale |        338        1.85       46.30
           Midsouth |        338        1.85       48.16
          Nashville |        338        1.85       50.01
   NewOrleansMobile |        338        1.85       51.86
            NewYork |        338        1.85       53.71
          Northeast |        338        1.85       55.56
 NorthernNewEngland |        338        1.85       57.42
            Orlando |        338        1.85       59.27
       Philadelphia |        338        1.85       61.12
      PhoenixTucson |        338        1.85       62.97
         Pittsburgh |        338        1.85       64.83
             Plains |        338        1.85       66.68
           Portland |        338        1.85       68.53
  RaleighGreensboro |        338        1.85       70.38
    RichmondNorfolk |        338        1.85       72.23
            Roanoke |        338        1.85       74.09
         Sacramento |        338        1.85       75.94
           SanDiego |        338        1.85       77.79
       SanFrancisco |        338        1.85       79.64
            Seattle |        338        1.85       81.49
      SouthCarolina |        338        1.85       83.35
       SouthCentral |        338        1.85       85.20
          Southeast |        338        1.85       87.05
            Spokane |        338        1.85       88.90
            StLouis |        338        1.85       90.76
           Syracuse |        338        1.85       92.61
              Tampa |        338        1.85       94.46
            TotalUS |        338        1.85       96.31
               West |        338        1.85       98.16
   WestTexNewMexico |        335        1.84      100.00
--------------------+-----------------------------------
              Total |     18,249      100.00

. tabulate year

       year |      Freq.     Percent        Cum.
------------+-----------------------------------
       2015 |      5,615       30.77       30.77
       2016 |      5,616       30.77       61.54
       2017 |      5,722       31.36       92.90
       2018 |      1,296        7.10      100.00
------------+-----------------------------------
      Total |     18,249      100.00


 * 5. Cross-tabulate average prices by type and year

* Convert the string 'type' variable into a labeled numeric variable

. encode type, generate(type_numeric)

* Run the table command using your new numeric variable

. table type_numeric year, statistic(mean averageprice)

----------------------------------------------------------------------
               |                          year                        
               |      2015       2016       2017       2018      Total
---------------+------------------------------------------------------
type_numeric   |                                                      
  conventional |  1.077963   1.105595   1.294888   1.127886    1.15804
  organic      |  1.673324   1.571684   1.735521   1.567176   1.653999
  Total        |   1.37559    1.33864   1.515128   1.347531   1.405978
----------------------------------------------------------------------

--------------------------------------------------------------------------------------------------------------------------------------
PART 2: DATA CLEANING & REFORMATTING
--------------------------------------------------------------------------------------------------------------------------------------
* 1. generate date_clean = date(date, "DMY")
(18,249 missing values generated)


. format date_clean %td

. label variable date_clean "Cleaned Date"


* 2. Rename PLU columns to safe names if they imported with leading numbers
. capture rename v5 plu_4046

. capture rename v6 plu_4225

. capture rename v7 plu_4770


* 3. Handle any potential structural missing values safely
. misstable summarize averageprice totalvolume totalbags type region
(variables nonmissing or string)


* 4. Drop unnecessary index columns if present (like the leading row index column B)
. capture drop v1


* 5. Save clean data framework
. save "avocado_cleaned.dta", replace
(file avocado_cleaned.dta not found)
file avocado_cleaned.dta saved
